# JRE version: Java(TM) SE Runtime Environment (8.0_92-b14) (build 1.8.0_92-b14)
# Java VM: Java HotSpot(TM) 64-Bit Server VM (25.92-b14 mixed mode windows-amd64 compressed oops)
Heap:
 PSYoungGen      total 18944K, used 10551K [0x00000000eb300000, 0x00000000ec800000, 0x0000000100000000)
  eden space 16384K, 48% used [0x00000000eb300000,0x00000000ebacfad8,0x00000000ec300000)
  from space 2560K, 99% used [0x00000000ec580000,0x00000000ec7fe330,0x00000000ec800000)
  to   space 2560K, 0% used [0x00000000ec300000,0x00000000ec300000,0x00000000ec580000)
 ParOldGen       total 44032K, used 19783K [0x00000000c1800000, 0x00000000c4300000, 0x00000000eb300000)
  object space 44032K, 44% used [0x00000000c1800000,0x00000000c2b51f38,0x00000000c4300000)
 Metaspace       used 17316K, capacity 17526K, committed 17920K, reserved 1064960K
  class space    used 2090K, capacity 2189K, committed 2304K, reserved 1048576K
GC Heap History (4 events):
Event: 0.840 GC heap before
{Heap before GC invocations=1 (full 0):
 PSYoungGen      total 18944K, used 16384K [0x00000000eb300000, 0x00000000ec800000, 0x0000000100000000)
  eden space 16384K, 100% used [0x00000000eb300000,0x00000000ec300000,0x00000000ec300000)
  from space 2560K, 0% used [0x00000000ec580000,0x00000000ec580000,0x00000000ec800000)
  to   space 2560K, 0% used [0x00000000ec300000,0x00000000ec300000,0x00000000ec580000)
 ParOldGen       total 44032K, used 0K [0x00000000c1800000, 0x00000000c4300000, 0x00000000eb300000)
  object space 44032K, 0% used [0x00000000c1800000,0x00000000c1800000,0x00000000c4300000)
 Metaspace       used 11897K, capacity 12088K, committed 12160K, reserved 1060864K
  class space    used 1571K, capacity 1640K, committed 1664K, reserved 1048576K
Event: 0.847 GC heap after
Heap after GC invocations=1 (full 0):
 PSYoungGen      total 18944K, used 2536K [0x00000000eb300000, 0x00000000ec800000, 0x0000000100000000)
  eden space 16384K, 0% used [0x00000000eb300000,0x00000000eb300000,0x00000000ec300000)
  from space 2560K, 99% used [0x00000000ec300000,0x00000000ec57a340,0x00000000ec580000)
  to   space 2560K, 0% used [0x00000000ec580000,0x00000000ec580000,0x00000000ec800000)
 ParOldGen       total 44032K, used 5465K [0x00000000c1800000, 0x00000000c4300000, 0x00000000eb300000)
  object space 44032K, 12% used [0x00000000c1800000,0x00000000c1d56618,0x00000000c4300000)
 Metaspace       used 11897K, capacity 12088K, committed 12160K, reserved 1060864K
  class space    used 1571K, capacity 1640K, committed 1664K, reserved 1048576K
}
Event: 36.496 GC heap before
{Heap before GC invocations=2 (full 0):
 PSYoungGen      total 18944K, used 18920K [0x00000000eb300000, 0x00000000ec800000, 0x0000000100000000)
  eden space 16384K, 100% used [0x00000000eb300000,0x00000000ec300000,0x00000000ec300000)
  from space 2560K, 99% used [0x00000000ec300000,0x00000000ec57a340,0x00000000ec580000)
  to   space 2560K, 0% used [0x00000000ec580000,0x00000000ec580000,0x00000000ec800000)
 ParOldGen       total 44032K, used 5465K [0x00000000c1800000, 0x00000000c4300000, 0x00000000eb300000)
  object space 44032K, 12% used [0x00000000c1800000,0x00000000c1d56618,0x00000000c4300000)
 Metaspace       used 16901K, capacity 17134K, committed 17408K, reserved 1064960K
  class space    used 2089K, capacity 2189K, committed 2304K, reserved 1048576K
Event: 36.515 GC heap after
Heap after GC invocations=2 (full 0):
 PSYoungGen      total 18944K, used 2552K [0x00000000eb300000, 0x00000000ec800000, 0x0000000100000000)
  eden space 16384K, 0% used [0x00000000eb300000,0x00000000eb300000,0x00000000ec300000)
  from space 2560K, 99% used [0x00000000ec580000,0x00000000ec7fe330,0x00000000ec800000)
  to   space 2560K, 0% used [0x00000000ec300000,0x00000000ec300000,0x00000000ec580000)
 ParOldGen       total 44032K, used 19783K [0x00000000c1800000, 0x00000000c4300000, 0x00000000eb300000)
  object space 44032K, 44% used [0x00000000c1800000,0x00000000c2b51f38,0x00000000c4300000)
 Metaspace       used 16901K, capacity 17134K, committed 17408K, reserved 1064960K
  class space    used 2089K, capacity 2189K, committed 2304K, reserved 1048576K
}

